2025-11-15T18:22:32+00:00 INFO Array
(
    [Webhook Delivery] => Array
        (
            [Delivery ID] => b31870564ab3f398d2b67dcf6c4885e1
            [Date] => Nov 15, 2025 @ 18:22
            [URL] => https://live-mt-server.wati.io/395525/api/v1/woocommerce/webhookOrders/order_created
            [Duration] => 0.92852
            [Request] => Array
                (
                    [Method] => POST
                    [Headers] => Array
                        (
                            [User-Agent] => WooCommerce/8.7.0 Hookshot (WordPress/6.8.3)
                            [Content-Type] => application/json
                            [X-WC-Webhook-Source] => https://portl.co/
                            [X-WC-Webhook-Topic] => order.created
                            [X-WC-Webhook-Resource] => order
                            [X-WC-Webhook-Event] => created
                            [X-WC-Webhook-Signature] => lMfmzjZ0HwWBlEJaaP2UbxMoGeBDIZWtsKM6Vynllkc=
                            [X-WC-Webhook-ID] => 3
                            [X-WC-Webhook-Delivery-ID] => b31870564ab3f398d2b67dcf6c4885e1
                        )

                )

            [Body] => Webhook body is not logged unless WP_DEBUG mode is turned on. This is to avoid the storing of personal data in the logs.
            [Response] => Array
                (
                    [Code] => 200
                    [Message] => OK
                    [Headers] => WpOrg\Requests\Utility\CaseInsensitiveDictionary Object
                        (
                            [data:protected] => Array
                                (
                                    [date] => Sat, 15 Nov 2025 18:22:32 GMT
                                    [content-type] => application/json; charset=utf-8
                                    [vary] => Accept-Encoding
                                    [content-encoding] => gzip
                                    [cf-cache-status] => DYNAMIC
                                    [server] => cloudflare
                                    [cf-ray] => 99f0c64b8d70335a-BLR
                                )

                        )

                    [Body] => Webhook body is not logged unless WP_DEBUG mode is turned on. This is to avoid the storing of personal data in the logs.
                )

        )

)
2025-11-15T18:22:32+00:00 INFO Array
(
    [Webhook Delivery] => Array
        (
            [Delivery ID] => a0650343059c83cd803429bc2fc84485
            [Date] => Nov 15, 2025 @ 18:22
            [URL] => https://live-mt-server.wati.io/395525/api/v1/woocommerce/webhookOrders/order_updated
            [Duration] => 0.12002
            [Request] => Array
                (
                    [Method] => POST
                    [Headers] => Array
                        (
                            [User-Agent] => WooCommerce/8.7.0 Hookshot (WordPress/6.8.3)
                            [Content-Type] => application/json
                            [X-WC-Webhook-Source] => https://portl.co/
                            [X-WC-Webhook-Topic] => order.updated
                            [X-WC-Webhook-Resource] => order
                            [X-WC-Webhook-Event] => updated
                            [X-WC-Webhook-Signature] => lMfmzjZ0HwWBlEJaaP2UbxMoGeBDIZWtsKM6Vynllkc=
                            [X-WC-Webhook-ID] => 2
                            [X-WC-Webhook-Delivery-ID] => a0650343059c83cd803429bc2fc84485
                        )

                )

            [Body] => Webhook body is not logged unless WP_DEBUG mode is turned on. This is to avoid the storing of personal data in the logs.
            [Response] => Array
                (
                    [Code] => 200
                    [Message] => OK
                    [Headers] => WpOrg\Requests\Utility\CaseInsensitiveDictionary Object
                        (
                            [data:protected] => Array
                                (
                                    [date] => Sat, 15 Nov 2025 18:22:32 GMT
                                    [content-type] => application/json; charset=utf-8
                                    [vary] => Accept-Encoding
                                    [content-encoding] => gzip
                                    [cf-cache-status] => DYNAMIC
                                    [server] => cloudflare
                                    [cf-ray] => 99f0c64c59b675e9-BLR
                                )

                        )

                    [Body] => Webhook body is not logged unless WP_DEBUG mode is turned on. This is to avoid the storing of personal data in the logs.
                )

        )

)
2025-11-15T18:24:23+00:00 INFO Array
(
    [Webhook Delivery] => Array
        (
            [Delivery ID] => 330a23696a896cc995b3d8af0c432468
            [Date] => Nov 15, 2025 @ 18:24
            [URL] => https://live-mt-server.wati.io/395525/api/v1/woocommerce/webhookOrders/order_updated
            [Duration] => 0.88015
            [Request] => Array
                (
                    [Method] => POST
                    [Headers] => Array
                        (
                            [User-Agent] => WooCommerce/8.7.0 Hookshot (WordPress/6.8.3)
                            [Content-Type] => application/json
                            [X-WC-Webhook-Source] => https://portl.co/
                            [X-WC-Webhook-Topic] => order.updated
                            [X-WC-Webhook-Resource] => order
                            [X-WC-Webhook-Event] => updated
                            [X-WC-Webhook-Signature] => I7UXtZ+MXWm4oNAKnapv4qAmgBzYfmM83tXXJuFjAM4=
                            [X-WC-Webhook-ID] => 2
                            [X-WC-Webhook-Delivery-ID] => 330a23696a896cc995b3d8af0c432468
                        )

                )

            [Body] => Webhook body is not logged unless WP_DEBUG mode is turned on. This is to avoid the storing of personal data in the logs.
            [Response] => Array
                (
                    [Code] => 200
                    [Message] => OK
                    [Headers] => WpOrg\Requests\Utility\CaseInsensitiveDictionary Object
                        (
                            [data:protected] => Array
                                (
                                    [date] => Sat, 15 Nov 2025 18:24:23 GMT
                                    [content-type] => application/json; charset=utf-8
                                    [vary] => Accept-Encoding
                                    [content-encoding] => gzip
                                    [cf-cache-status] => DYNAMIC
                                    [server] => cloudflare
                                    [cf-ray] => 99f0c9052a47c1ce-BLR
                                )

                        )

                    [Body] => Webhook body is not logged unless WP_DEBUG mode is turned on. This is to avoid the storing of personal data in the logs.
                )

        )

)
2025-11-15T18:24:24+00:00 INFO Array
(
    [Webhook Delivery] => Array
        (
            [Delivery ID] => 2ff73f209ccf8ae9990215ba5877e8d9
            [Date] => Nov 15, 2025 @ 18:24
            [URL] => https://live-mt-server.wati.io/395525/api/v1/woocommerce/webhookOrders/order_updated
            [Duration] => 0.11543
            [Request] => Array
                (
                    [Method] => POST
                    [Headers] => Array
                        (
                            [User-Agent] => WooCommerce/8.7.0 Hookshot (WordPress/6.8.3)
                            [Content-Type] => application/json
                            [X-WC-Webhook-Source] => https://portl.co/
                            [X-WC-Webhook-Topic] => order.updated
                            [X-WC-Webhook-Resource] => order
                            [X-WC-Webhook-Event] => updated
                            [X-WC-Webhook-Signature] => I7UXtZ+MXWm4oNAKnapv4qAmgBzYfmM83tXXJuFjAM4=
                            [X-WC-Webhook-ID] => 2
                            [X-WC-Webhook-Delivery-ID] => 2ff73f209ccf8ae9990215ba5877e8d9
                        )

                )

            [Body] => Webhook body is not logged unless WP_DEBUG mode is turned on. This is to avoid the storing of personal data in the logs.
            [Response] => Array
                (
                    [Code] => 200
                    [Message] => OK
                    [Headers] => WpOrg\Requests\Utility\CaseInsensitiveDictionary Object
                        (
                            [data:protected] => Array
                                (
                                    [date] => Sat, 15 Nov 2025 18:24:24 GMT
                                    [content-type] => application/json; charset=utf-8
                                    [vary] => Accept-Encoding
                                    [content-encoding] => gzip
                                    [cf-cache-status] => DYNAMIC
                                    [server] => cloudflare
                                    [cf-ray] => 99f0c9060cb06f7a-BLR
                                )

                        )

                    [Body] => Webhook body is not logged unless WP_DEBUG mode is turned on. This is to avoid the storing of personal data in the logs.
                )

        )

)
2025-11-15T18:25:19+00:00 INFO Array
(
    [Webhook Delivery] => Array
        (
            [Delivery ID] => 721b5c60cfe17ec45a06a2b8dae957d6
            [Date] => Nov 15, 2025 @ 18:25
            [URL] => https://live-mt-server.wati.io/395525/api/v1/woocommerce/webhookOrders/order_updated
            [Duration] => 0.7882
            [Request] => Array
                (
                    [Method] => POST
                    [Headers] => Array
                        (
                            [User-Agent] => WooCommerce/8.7.0 Hookshot (WordPress/6.8.3)
                            [Content-Type] => application/json
                            [X-WC-Webhook-Source] => https://portl.co/
                            [X-WC-Webhook-Topic] => order.updated
                            [X-WC-Webhook-Resource] => order
                            [X-WC-Webhook-Event] => updated
                            [X-WC-Webhook-Signature] => PXA5/FW3QDo08w9c2ryPrxvFJ1qhK9f14uNpw+RsjCE=
                            [X-WC-Webhook-ID] => 2
                            [X-WC-Webhook-Delivery-ID] => 721b5c60cfe17ec45a06a2b8dae957d6
                        )

                )

            [Body] => Webhook body is not logged unless WP_DEBUG mode is turned on. This is to avoid the storing of personal data in the logs.
            [Response] => Array
                (
                    [Code] => 200
                    [Message] => OK
                    [Headers] => WpOrg\Requests\Utility\CaseInsensitiveDictionary Object
                        (
                            [data:protected] => Array
                                (
                                    [date] => Sat, 15 Nov 2025 18:25:19 GMT
                                    [content-type] => application/json; charset=utf-8
                                    [vary] => Accept-Encoding
                                    [content-encoding] => gzip
                                    [cf-cache-status] => DYNAMIC
                                    [server] => cloudflare
                                    [cf-ray] => 99f0ca5fa88a4e3d-BLR
                                )

                        )

                    [Body] => Webhook body is not logged unless WP_DEBUG mode is turned on. This is to avoid the storing of personal data in the logs.
                )

        )

)
