2025-12-08T10:38:50+00:00 INFO Array
(
    [Webhook Delivery] => Array
        (
            [Delivery ID] => 4a500c5ecdd09ce9393ac9c1967b3750
            [Date] => Dec 8, 2025 @ 10:38
            [URL] => https://live-mt-server.wati.io/395525/api/v1/woocommerce/webhookOrders/order_created
            [Duration] => 0.82725
            [Request] => Array
                (
                    [Method] => POST
                    [Headers] => Array
                        (
                            [User-Agent] => WooCommerce/8.7.0 Hookshot (WordPress/6.9)
                            [Content-Type] => application/json
                            [X-WC-Webhook-Source] => https://portl.co/
                            [X-WC-Webhook-Topic] => order.created
                            [X-WC-Webhook-Resource] => order
                            [X-WC-Webhook-Event] => created
                            [X-WC-Webhook-Signature] => 9EBlWsHcvx1pl2m54gaHCqi7iY4J4hHNMScX6plWzPQ=
                            [X-WC-Webhook-ID] => 3
                            [X-WC-Webhook-Delivery-ID] => 4a500c5ecdd09ce9393ac9c1967b3750
                        )

                )

            [Body] => Webhook body is not logged unless WP_DEBUG mode is turned on. This is to avoid the storing of personal data in the logs.
            [Response] => Array
                (
                    [Code] => 200
                    [Message] => OK
                    [Headers] => WpOrg\Requests\Utility\CaseInsensitiveDictionary Object
                        (
                            [data:protected] => Array
                                (
                                    [date] => Mon, 08 Dec 2025 10:38:50 GMT
                                    [content-type] => application/json; charset=utf-8
                                    [vary] => Accept-Encoding
                                    [content-encoding] => gzip
                                    [cf-cache-status] => DYNAMIC
                                    [server] => cloudflare
                                    [cf-ray] => 9aaba2ae3b6e165e-BLR
                                )

                        )

                    [Body] => Webhook body is not logged unless WP_DEBUG mode is turned on. This is to avoid the storing of personal data in the logs.
                )

        )

)
2025-12-08T10:38:50+00:00 INFO Array
(
    [Webhook Delivery] => Array
        (
            [Delivery ID] => 656985bfddba5d7130e01b55b4e86b58
            [Date] => Dec 8, 2025 @ 10:38
            [URL] => https://live-mt-server.wati.io/395525/api/v1/woocommerce/webhookOrders/order_updated
            [Duration] => 0.12187
            [Request] => Array
                (
                    [Method] => POST
                    [Headers] => Array
                        (
                            [User-Agent] => WooCommerce/8.7.0 Hookshot (WordPress/6.9)
                            [Content-Type] => application/json
                            [X-WC-Webhook-Source] => https://portl.co/
                            [X-WC-Webhook-Topic] => order.updated
                            [X-WC-Webhook-Resource] => order
                            [X-WC-Webhook-Event] => updated
                            [X-WC-Webhook-Signature] => 9EBlWsHcvx1pl2m54gaHCqi7iY4J4hHNMScX6plWzPQ=
                            [X-WC-Webhook-ID] => 2
                            [X-WC-Webhook-Delivery-ID] => 656985bfddba5d7130e01b55b4e86b58
                        )

                )

            [Body] => Webhook body is not logged unless WP_DEBUG mode is turned on. This is to avoid the storing of personal data in the logs.
            [Response] => Array
                (
                    [Code] => 200
                    [Message] => OK
                    [Headers] => WpOrg\Requests\Utility\CaseInsensitiveDictionary Object
                        (
                            [data:protected] => Array
                                (
                                    [date] => Mon, 08 Dec 2025 10:38:50 GMT
                                    [content-type] => application/json; charset=utf-8
                                    [vary] => Accept-Encoding
                                    [content-encoding] => gzip
                                    [cf-cache-status] => DYNAMIC
                                    [server] => cloudflare
                                    [cf-ray] => 9aaba2af187ec19f-BLR
                                )

                        )

                    [Body] => Webhook body is not logged unless WP_DEBUG mode is turned on. This is to avoid the storing of personal data in the logs.
                )

        )

)
2025-12-08T10:59:22+00:00 INFO Array
(
    [Webhook Delivery] => Array
        (
            [Delivery ID] => a3078c6bdab2c45b65cb1398743e647e
            [Date] => Dec 8, 2025 @ 10:59
            [URL] => https://live-mt-server.wati.io/395525/api/v1/woocommerce/webhookOrders/order_updated
            [Duration] => 1.27634
            [Request] => Array
                (
                    [Method] => POST
                    [Headers] => Array
                        (
                            [User-Agent] => WooCommerce/8.7.0 Hookshot (WordPress/6.9)
                            [Content-Type] => application/json
                            [X-WC-Webhook-Source] => https://portl.co/
                            [X-WC-Webhook-Topic] => order.updated
                            [X-WC-Webhook-Resource] => order
                            [X-WC-Webhook-Event] => updated
                            [X-WC-Webhook-Signature] => ACkArD7KkZ1RhqWKEmkG7YsHBNqrkZZiv/7uGjxSa9k=
                            [X-WC-Webhook-ID] => 2
                            [X-WC-Webhook-Delivery-ID] => a3078c6bdab2c45b65cb1398743e647e
                        )

                )

            [Body] => Webhook body is not logged unless WP_DEBUG mode is turned on. This is to avoid the storing of personal data in the logs.
            [Response] => Array
                (
                    [Code] => 200
                    [Message] => OK
                    [Headers] => WpOrg\Requests\Utility\CaseInsensitiveDictionary Object
                        (
                            [data:protected] => Array
                                (
                                    [date] => Mon, 08 Dec 2025 10:59:22 GMT
                                    [content-type] => application/json; charset=utf-8
                                    [vary] => Accept-Encoding
                                    [content-encoding] => gzip
                                    [cf-cache-status] => DYNAMIC
                                    [server] => cloudflare
                                    [cf-ray] => 9aabc0c0991ed86d-BLR
                                )

                        )

                    [Body] => Webhook body is not logged unless WP_DEBUG mode is turned on. This is to avoid the storing of personal data in the logs.
                )

        )

)
2025-12-08T14:00:19+00:00 INFO Array
(
    [Webhook Delivery] => Array
        (
            [Delivery ID] => 11a44204a157981dafd1b0d96ae3683d
            [Date] => Dec 8, 2025 @ 14:00
            [URL] => https://live-mt-server.wati.io/395525/api/v1/woocommerce/webhookOrders/order_created
            [Duration] => 0.88455
            [Request] => Array
                (
                    [Method] => POST
                    [Headers] => Array
                        (
                            [User-Agent] => WooCommerce/8.7.0 Hookshot (WordPress/6.9)
                            [Content-Type] => application/json
                            [X-WC-Webhook-Source] => https://portl.co/
                            [X-WC-Webhook-Topic] => order.created
                            [X-WC-Webhook-Resource] => order
                            [X-WC-Webhook-Event] => created
                            [X-WC-Webhook-Signature] => FwlpZFqa5T8Y44ccCGISXFotB6WVKYJCt6K9vT8eidQ=
                            [X-WC-Webhook-ID] => 3
                            [X-WC-Webhook-Delivery-ID] => 11a44204a157981dafd1b0d96ae3683d
                        )

                )

            [Body] => Webhook body is not logged unless WP_DEBUG mode is turned on. This is to avoid the storing of personal data in the logs.
            [Response] => Array
                (
                    [Code] => 200
                    [Message] => OK
                    [Headers] => WpOrg\Requests\Utility\CaseInsensitiveDictionary Object
                        (
                            [data:protected] => Array
                                (
                                    [date] => Mon, 08 Dec 2025 14:00:19 GMT
                                    [content-type] => application/json; charset=utf-8
                                    [vary] => Accept-Encoding
                                    [content-encoding] => gzip
                                    [cf-cache-status] => DYNAMIC
                                    [server] => cloudflare
                                    [cf-ray] => 9aacc9cf78dfc1cc-BLR
                                )

                        )

                    [Body] => Webhook body is not logged unless WP_DEBUG mode is turned on. This is to avoid the storing of personal data in the logs.
                )

        )

)
2025-12-08T14:00:19+00:00 INFO Array
(
    [Webhook Delivery] => Array
        (
            [Delivery ID] => 7faf10a1dc80ea4ca58cafe06a4874b3
            [Date] => Dec 8, 2025 @ 14:00
            [URL] => https://live-mt-server.wati.io/395525/api/v1/woocommerce/webhookOrders/order_updated
            [Duration] => 0.1131
            [Request] => Array
                (
                    [Method] => POST
                    [Headers] => Array
                        (
                            [User-Agent] => WooCommerce/8.7.0 Hookshot (WordPress/6.9)
                            [Content-Type] => application/json
                            [X-WC-Webhook-Source] => https://portl.co/
                            [X-WC-Webhook-Topic] => order.updated
                            [X-WC-Webhook-Resource] => order
                            [X-WC-Webhook-Event] => updated
                            [X-WC-Webhook-Signature] => FwlpZFqa5T8Y44ccCGISXFotB6WVKYJCt6K9vT8eidQ=
                            [X-WC-Webhook-ID] => 2
                            [X-WC-Webhook-Delivery-ID] => 7faf10a1dc80ea4ca58cafe06a4874b3
                        )

                )

            [Body] => Webhook body is not logged unless WP_DEBUG mode is turned on. This is to avoid the storing of personal data in the logs.
            [Response] => Array
                (
                    [Code] => 200
                    [Message] => OK
                    [Headers] => WpOrg\Requests\Utility\CaseInsensitiveDictionary Object
                        (
                            [data:protected] => Array
                                (
                                    [date] => Mon, 08 Dec 2025 14:00:19 GMT
                                    [content-type] => application/json; charset=utf-8
                                    [vary] => Accept-Encoding
                                    [content-encoding] => gzip
                                    [cf-cache-status] => DYNAMIC
                                    [server] => cloudflare
                                    [cf-ray] => 9aacc9d05bd86cd6-BLR
                                )

                        )

                    [Body] => Webhook body is not logged unless WP_DEBUG mode is turned on. This is to avoid the storing of personal data in the logs.
                )

        )

)
