2025-06-18T05:59:24+00:00 INFO Array
(
    [Webhook Delivery] => Array
        (
            [Delivery ID] => a8f8873ca03c5294fbbf1dfe86da1b53
            [Date] => Jun 18, 2025 @ 5:59
            [URL] => https://live-mt-server.wati.io/395525/api/v1/woocommerce/webhookOrders/order_created
            [Duration] => 1.15983
            [Request] => Array
                (
                    [Method] => POST
                    [Headers] => Array
                        (
                            [User-Agent] => WooCommerce/8.7.0 Hookshot (WordPress/6.8.1)
                            [Content-Type] => application/json
                            [X-WC-Webhook-Source] => https://portl.co/
                            [X-WC-Webhook-Topic] => order.created
                            [X-WC-Webhook-Resource] => order
                            [X-WC-Webhook-Event] => created
                            [X-WC-Webhook-Signature] => IgKFAsge7CsEzhuviGZKjlKApYQ26bh/3G3a/A4WC7E=
                            [X-WC-Webhook-ID] => 3
                            [X-WC-Webhook-Delivery-ID] => a8f8873ca03c5294fbbf1dfe86da1b53
                        )

                )

            [Body] => Webhook body is not logged unless WP_DEBUG mode is turned on. This is to avoid the storing of personal data in the logs.
            [Response] => Array
                (
                    [Code] => 200
                    [Message] => OK
                    [Headers] => WpOrg\Requests\Utility\CaseInsensitiveDictionary Object
                        (
                            [data:protected] => Array
                                (
                                    [date] => Wed, 18 Jun 2025 05:59:23 GMT
                                    [content-type] => application/json; charset=utf-8
                                    [cf-ray] => 95188f76495184fe-BOM
                                    [vary] => Accept-Encoding
                                    [content-encoding] => gzip
                                    [cf-cache-status] => DYNAMIC
                                    [server] => cloudflare
                                )

                        )

                    [Body] => Webhook body is not logged unless WP_DEBUG mode is turned on. This is to avoid the storing of personal data in the logs.
                )

        )

)
2025-06-18T06:21:16+00:00 INFO Array
(
    [Webhook Delivery] => Array
        (
            [Delivery ID] => 31442dde8151e8b999e0b6e438f05be7
            [Date] => Jun 18, 2025 @ 6:21
            [URL] => https://live-mt-server.wati.io/395525/api/v1/woocommerce/webhookOrders/order_updated
            [Duration] => 1.06638
            [Request] => Array
                (
                    [Method] => POST
                    [Headers] => Array
                        (
                            [User-Agent] => WooCommerce/8.7.0 Hookshot (WordPress/6.8.1)
                            [Content-Type] => application/json
                            [X-WC-Webhook-Source] => https://portl.co/
                            [X-WC-Webhook-Topic] => order.updated
                            [X-WC-Webhook-Resource] => order
                            [X-WC-Webhook-Event] => updated
                            [X-WC-Webhook-Signature] => gz3LTDsGNcUUQwKSxfH8ujvC8DD8n3VfMsKgkoagbSA=
                            [X-WC-Webhook-ID] => 2
                            [X-WC-Webhook-Delivery-ID] => 31442dde8151e8b999e0b6e438f05be7
                        )

                )

            [Body] => Webhook body is not logged unless WP_DEBUG mode is turned on. This is to avoid the storing of personal data in the logs.
            [Response] => Array
                (
                    [Code] => 200
                    [Message] => OK
                    [Headers] => WpOrg\Requests\Utility\CaseInsensitiveDictionary Object
                        (
                            [data:protected] => Array
                                (
                                    [date] => Wed, 18 Jun 2025 06:21:16 GMT
                                    [content-type] => application/json; charset=utf-8
                                    [cf-ray] => 9518af80287a85bf-BOM
                                    [vary] => Accept-Encoding
                                    [content-encoding] => gzip
                                    [cf-cache-status] => DYNAMIC
                                    [server] => cloudflare
                                )

                        )

                    [Body] => Webhook body is not logged unless WP_DEBUG mode is turned on. This is to avoid the storing of personal data in the logs.
                )

        )

)
2025-06-18T06:23:03+00:00 INFO Array
(
    [Webhook Delivery] => Array
        (
            [Delivery ID] => 5c4fddf23e55624e40f17db7cc08912d
            [Date] => Jun 18, 2025 @ 6:23
            [URL] => https://live-mt-server.wati.io/395525/api/v1/woocommerce/webhookOrders/order_updated
            [Duration] => 2.07751
            [Request] => Array
                (
                    [Method] => POST
                    [Headers] => Array
                        (
                            [User-Agent] => WooCommerce/8.7.0 Hookshot (WordPress/6.8.1)
                            [Content-Type] => application/json
                            [X-WC-Webhook-Source] => https://portl.co/
                            [X-WC-Webhook-Topic] => order.updated
                            [X-WC-Webhook-Resource] => order
                            [X-WC-Webhook-Event] => updated
                            [X-WC-Webhook-Signature] => 6emny7wupXPyPynwr3s9ejQfYfRIRK0+8aCIPGvq2ow=
                            [X-WC-Webhook-ID] => 2
                            [X-WC-Webhook-Delivery-ID] => 5c4fddf23e55624e40f17db7cc08912d
                        )

                )

            [Body] => Webhook body is not logged unless WP_DEBUG mode is turned on. This is to avoid the storing of personal data in the logs.
            [Response] => Array
                (
                    [Code] => 200
                    [Message] => OK
                    [Headers] => WpOrg\Requests\Utility\CaseInsensitiveDictionary Object
                        (
                            [data:protected] => Array
                                (
                                    [date] => Wed, 18 Jun 2025 06:23:03 GMT
                                    [content-type] => application/json; charset=utf-8
                                    [cf-ray] => 9518b21e28d985d2-BOM
                                    [vary] => Accept-Encoding
                                    [content-encoding] => gzip
                                    [cf-cache-status] => DYNAMIC
                                    [server] => cloudflare
                                )

                        )

                    [Body] => Webhook body is not logged unless WP_DEBUG mode is turned on. This is to avoid the storing of personal data in the logs.
                )

        )

)
2025-06-18T13:10:29+00:00 INFO Array
(
    [Webhook Delivery] => Array
        (
            [Delivery ID] => b604629d2e0b3e6d592b02f46c6a9729
            [Date] => Jun 18, 2025 @ 13:10
            [URL] => https://live-mt-server.wati.io/395525/api/v1/woocommerce/webhookOrders/order_created
            [Duration] => 1.14457
            [Request] => Array
                (
                    [Method] => POST
                    [Headers] => Array
                        (
                            [User-Agent] => WooCommerce/8.7.0 Hookshot (WordPress/6.8.1)
                            [Content-Type] => application/json
                            [X-WC-Webhook-Source] => https://portl.co/
                            [X-WC-Webhook-Topic] => order.created
                            [X-WC-Webhook-Resource] => order
                            [X-WC-Webhook-Event] => created
                            [X-WC-Webhook-Signature] => /bS4qBtJhpesTVGbmhcMm1U88Jp8G0hYlutB1KnSk7s=
                            [X-WC-Webhook-ID] => 3
                            [X-WC-Webhook-Delivery-ID] => b604629d2e0b3e6d592b02f46c6a9729
                        )

                )

            [Body] => Webhook body is not logged unless WP_DEBUG mode is turned on. This is to avoid the storing of personal data in the logs.
            [Response] => Array
                (
                    [Code] => 200
                    [Message] => OK
                    [Headers] => WpOrg\Requests\Utility\CaseInsensitiveDictionary Object
                        (
                            [data:protected] => Array
                                (
                                    [date] => Wed, 18 Jun 2025 13:10:29 GMT
                                    [content-type] => application/json; charset=utf-8
                                    [cf-ray] => 951b06f2b87d3a63-BOM
                                    [vary] => Accept-Encoding
                                    [content-encoding] => gzip
                                    [cf-cache-status] => DYNAMIC
                                    [server] => cloudflare
                                )

                        )

                    [Body] => Webhook body is not logged unless WP_DEBUG mode is turned on. This is to avoid the storing of personal data in the logs.
                )

        )

)
