2025-11-30T06:48:29+00:00 INFO Array
(
    [Webhook Delivery] => Array
        (
            [Delivery ID] => 524623a904b39230170cec721a0c1ef0
            [Date] => Nov 30, 2025 @ 6:48
            [URL] => https://live-mt-server.wati.io/395525/api/v1/woocommerce/webhookOrders/order_created
            [Duration] => 0.95839
            [Request] => Array
                (
                    [Method] => POST
                    [Headers] => Array
                        (
                            [User-Agent] => WooCommerce/8.7.0 Hookshot (WordPress/6.8.3)
                            [Content-Type] => application/json
                            [X-WC-Webhook-Source] => https://portl.co/
                            [X-WC-Webhook-Topic] => order.created
                            [X-WC-Webhook-Resource] => order
                            [X-WC-Webhook-Event] => created
                            [X-WC-Webhook-Signature] => qBL0tYqdcYN46pVd1FyhUuWZh+JOuFBt4OXjQ6ZSSQo=
                            [X-WC-Webhook-ID] => 3
                            [X-WC-Webhook-Delivery-ID] => 524623a904b39230170cec721a0c1ef0
                        )

                )

            [Body] => Webhook body is not logged unless WP_DEBUG mode is turned on. This is to avoid the storing of personal data in the logs.
            [Response] => Array
                (
                    [Code] => 200
                    [Message] => OK
                    [Headers] => WpOrg\Requests\Utility\CaseInsensitiveDictionary Object
                        (
                            [data:protected] => Array
                                (
                                    [date] => Sun, 30 Nov 2025 06:48:29 GMT
                                    [content-type] => application/json; charset=utf-8
                                    [vary] => Accept-Encoding
                                    [content-encoding] => gzip
                                    [cf-cache-status] => DYNAMIC
                                    [server] => cloudflare
                                    [cf-ray] => 9a68664078cdc177-BLR
                                )

                        )

                    [Body] => Webhook body is not logged unless WP_DEBUG mode is turned on. This is to avoid the storing of personal data in the logs.
                )

        )

)
2025-11-30T06:48:29+00:00 INFO Array
(
    [Webhook Delivery] => Array
        (
            [Delivery ID] => 767a8110f681ffa30556a0d570582833
            [Date] => Nov 30, 2025 @ 6:48
            [URL] => https://live-mt-server.wati.io/395525/api/v1/woocommerce/webhookOrders/order_updated
            [Duration] => 0.1201
            [Request] => Array
                (
                    [Method] => POST
                    [Headers] => Array
                        (
                            [User-Agent] => WooCommerce/8.7.0 Hookshot (WordPress/6.8.3)
                            [Content-Type] => application/json
                            [X-WC-Webhook-Source] => https://portl.co/
                            [X-WC-Webhook-Topic] => order.updated
                            [X-WC-Webhook-Resource] => order
                            [X-WC-Webhook-Event] => updated
                            [X-WC-Webhook-Signature] => qBL0tYqdcYN46pVd1FyhUuWZh+JOuFBt4OXjQ6ZSSQo=
                            [X-WC-Webhook-ID] => 2
                            [X-WC-Webhook-Delivery-ID] => 767a8110f681ffa30556a0d570582833
                        )

                )

            [Body] => Webhook body is not logged unless WP_DEBUG mode is turned on. This is to avoid the storing of personal data in the logs.
            [Response] => Array
                (
                    [Code] => 200
                    [Message] => OK
                    [Headers] => WpOrg\Requests\Utility\CaseInsensitiveDictionary Object
                        (
                            [data:protected] => Array
                                (
                                    [date] => Sun, 30 Nov 2025 06:48:29 GMT
                                    [content-type] => application/json; charset=utf-8
                                    [vary] => Accept-Encoding
                                    [content-encoding] => gzip
                                    [cf-cache-status] => DYNAMIC
                                    [server] => cloudflare
                                    [cf-ray] => 9a68664179e5c7cf-BLR
                                )

                        )

                    [Body] => Webhook body is not logged unless WP_DEBUG mode is turned on. This is to avoid the storing of personal data in the logs.
                )

        )

)
2025-11-30T06:53:29+00:00 INFO Array
(
    [Webhook Delivery] => Array
        (
            [Delivery ID] => 76599550619e22525afa9917f6c8ecaa
            [Date] => Nov 30, 2025 @ 6:53
            [URL] => https://live-mt-server.wati.io/395525/api/v1/woocommerce/webhookOrders/order_updated
            [Duration] => 0.96478
            [Request] => Array
                (
                    [Method] => POST
                    [Headers] => Array
                        (
                            [User-Agent] => WooCommerce/8.7.0 Hookshot (WordPress/6.8.3)
                            [Content-Type] => application/json
                            [X-WC-Webhook-Source] => https://portl.co/
                            [X-WC-Webhook-Topic] => order.updated
                            [X-WC-Webhook-Resource] => order
                            [X-WC-Webhook-Event] => updated
                            [X-WC-Webhook-Signature] => hi1FH1LwBZ1H1k+/m3HfTruBoS9uW/QBJVYpbiyCIuY=
                            [X-WC-Webhook-ID] => 2
                            [X-WC-Webhook-Delivery-ID] => 76599550619e22525afa9917f6c8ecaa
                        )

                )

            [Body] => Webhook body is not logged unless WP_DEBUG mode is turned on. This is to avoid the storing of personal data in the logs.
            [Response] => Array
                (
                    [Code] => 200
                    [Message] => OK
                    [Headers] => WpOrg\Requests\Utility\CaseInsensitiveDictionary Object
                        (
                            [data:protected] => Array
                                (
                                    [date] => Sun, 30 Nov 2025 06:53:29 GMT
                                    [content-type] => application/json; charset=utf-8
                                    [vary] => Accept-Encoding
                                    [content-encoding] => gzip
                                    [cf-cache-status] => DYNAMIC
                                    [server] => cloudflare
                                    [cf-ray] => 9a686d905c613585-BLR
                                )

                        )

                    [Body] => Webhook body is not logged unless WP_DEBUG mode is turned on. This is to avoid the storing of personal data in the logs.
                )

        )

)
2025-11-30T06:54:16+00:00 INFO Array
(
    [Webhook Delivery] => Array
        (
            [Delivery ID] => c9601d15593ee18f5bd02d4721912770
            [Date] => Nov 30, 2025 @ 6:54
            [URL] => https://live-mt-server.wati.io/395525/api/v1/woocommerce/webhookOrders/order_updated
            [Duration] => 0.90836
            [Request] => Array
                (
                    [Method] => POST
                    [Headers] => Array
                        (
                            [User-Agent] => WooCommerce/8.7.0 Hookshot (WordPress/6.8.3)
                            [Content-Type] => application/json
                            [X-WC-Webhook-Source] => https://portl.co/
                            [X-WC-Webhook-Topic] => order.updated
                            [X-WC-Webhook-Resource] => order
                            [X-WC-Webhook-Event] => updated
                            [X-WC-Webhook-Signature] => owh2neAtkUeoNtsCPNTm6GU89B+YjIajmVFcQ84rpkU=
                            [X-WC-Webhook-ID] => 2
                            [X-WC-Webhook-Delivery-ID] => c9601d15593ee18f5bd02d4721912770
                        )

                )

            [Body] => Webhook body is not logged unless WP_DEBUG mode is turned on. This is to avoid the storing of personal data in the logs.
            [Response] => Array
                (
                    [Code] => 200
                    [Message] => OK
                    [Headers] => WpOrg\Requests\Utility\CaseInsensitiveDictionary Object
                        (
                            [data:protected] => Array
                                (
                                    [date] => Sun, 30 Nov 2025 06:54:16 GMT
                                    [content-type] => application/json; charset=utf-8
                                    [vary] => Accept-Encoding
                                    [content-encoding] => gzip
                                    [cf-cache-status] => DYNAMIC
                                    [server] => cloudflare
                                    [cf-ray] => 9a686ebb5afa860e-BLR
                                )

                        )

                    [Body] => Webhook body is not logged unless WP_DEBUG mode is turned on. This is to avoid the storing of personal data in the logs.
                )

        )

)
2025-11-30T06:59:40+00:00 INFO Array
(
    [Webhook Delivery] => Array
        (
            [Delivery ID] => 72ebf553bcb7952a30e61602be5f77c8
            [Date] => Nov 30, 2025 @ 6:59
            [URL] => https://live-mt-server.wati.io/395525/api/v1/woocommerce/webhookOrders/order_updated
            [Duration] => 0.92984
            [Request] => Array
                (
                    [Method] => POST
                    [Headers] => Array
                        (
                            [User-Agent] => WooCommerce/8.7.0 Hookshot (WordPress/6.8.3)
                            [Content-Type] => application/json
                            [X-WC-Webhook-Source] => https://portl.co/
                            [X-WC-Webhook-Topic] => order.updated
                            [X-WC-Webhook-Resource] => order
                            [X-WC-Webhook-Event] => updated
                            [X-WC-Webhook-Signature] => +RZUi50T3/ti15uqFYpd41cWNzFv6/Fxc8BKAJvOGkg=
                            [X-WC-Webhook-ID] => 2
                            [X-WC-Webhook-Delivery-ID] => 72ebf553bcb7952a30e61602be5f77c8
                        )

                )

            [Body] => Webhook body is not logged unless WP_DEBUG mode is turned on. This is to avoid the storing of personal data in the logs.
            [Response] => Array
                (
                    [Code] => 200
                    [Message] => OK
                    [Headers] => WpOrg\Requests\Utility\CaseInsensitiveDictionary Object
                        (
                            [data:protected] => Array
                                (
                                    [date] => Sun, 30 Nov 2025 06:59:40 GMT
                                    [content-type] => application/json; charset=utf-8
                                    [vary] => Accept-Encoding
                                    [content-encoding] => gzip
                                    [cf-cache-status] => DYNAMIC
                                    [server] => cloudflare
                                    [cf-ray] => 9a6876a07e169dfa-BLR
                                )

                        )

                    [Body] => Webhook body is not logged unless WP_DEBUG mode is turned on. This is to avoid the storing of personal data in the logs.
                )

        )

)
2025-11-30T07:00:18+00:00 INFO Array
(
    [Webhook Delivery] => Array
        (
            [Delivery ID] => c87aabe9600e34837fd3f6bc33ec687a
            [Date] => Nov 30, 2025 @ 7:00
            [URL] => https://live-mt-server.wati.io/395525/api/v1/woocommerce/webhookOrders/order_updated
            [Duration] => 0.82876
            [Request] => Array
                (
                    [Method] => POST
                    [Headers] => Array
                        (
                            [User-Agent] => WooCommerce/8.7.0 Hookshot (WordPress/6.8.3)
                            [Content-Type] => application/json
                            [X-WC-Webhook-Source] => https://portl.co/
                            [X-WC-Webhook-Topic] => order.updated
                            [X-WC-Webhook-Resource] => order
                            [X-WC-Webhook-Event] => updated
                            [X-WC-Webhook-Signature] => nFCcY8j2D+uFWOTEMMd9Uq4zqfLJ8b6w1sOfFeezMzU=
                            [X-WC-Webhook-ID] => 2
                            [X-WC-Webhook-Delivery-ID] => c87aabe9600e34837fd3f6bc33ec687a
                        )

                )

            [Body] => Webhook body is not logged unless WP_DEBUG mode is turned on. This is to avoid the storing of personal data in the logs.
            [Response] => Array
                (
                    [Code] => 200
                    [Message] => OK
                    [Headers] => WpOrg\Requests\Utility\CaseInsensitiveDictionary Object
                        (
                            [data:protected] => Array
                                (
                                    [date] => Sun, 30 Nov 2025 07:00:18 GMT
                                    [content-type] => application/json; charset=utf-8
                                    [vary] => Accept-Encoding
                                    [content-encoding] => gzip
                                    [cf-cache-status] => DYNAMIC
                                    [server] => cloudflare
                                    [cf-ray] => 9a68778d8867a9c3-BLR
                                )

                        )

                    [Body] => Webhook body is not logged unless WP_DEBUG mode is turned on. This is to avoid the storing of personal data in the logs.
                )

        )

)
2025-11-30T07:02:20+00:00 INFO Array
(
    [Webhook Delivery] => Array
        (
            [Delivery ID] => b660e5186949d92a769d6d5c39358c66
            [Date] => Nov 30, 2025 @ 7:02
            [URL] => https://live-mt-server.wati.io/395525/api/v1/woocommerce/webhookOrders/order_created
            [Duration] => 0.75699
            [Request] => Array
                (
                    [Method] => POST
                    [Headers] => Array
                        (
                            [User-Agent] => WooCommerce/8.7.0 Hookshot (WordPress/6.8.3)
                            [Content-Type] => application/json
                            [X-WC-Webhook-Source] => https://portl.co/
                            [X-WC-Webhook-Topic] => order.created
                            [X-WC-Webhook-Resource] => order
                            [X-WC-Webhook-Event] => created
                            [X-WC-Webhook-Signature] => PU1g9nNI/E1jsEwUFCJshZFAhqaVjKPrkRS6KZh3iNU=
                            [X-WC-Webhook-ID] => 3
                            [X-WC-Webhook-Delivery-ID] => b660e5186949d92a769d6d5c39358c66
                        )

                )

            [Body] => Webhook body is not logged unless WP_DEBUG mode is turned on. This is to avoid the storing of personal data in the logs.
            [Response] => Array
                (
                    [Code] => 200
                    [Message] => OK
                    [Headers] => WpOrg\Requests\Utility\CaseInsensitiveDictionary Object
                        (
                            [data:protected] => Array
                                (
                                    [date] => Sun, 30 Nov 2025 07:02:20 GMT
                                    [content-type] => application/json; charset=utf-8
                                    [vary] => Accept-Encoding
                                    [content-encoding] => gzip
                                    [cf-cache-status] => DYNAMIC
                                    [server] => cloudflare
                                    [cf-ray] => 9a687a881f8bc17c-BLR
                                )

                        )

                    [Body] => Webhook body is not logged unless WP_DEBUG mode is turned on. This is to avoid the storing of personal data in the logs.
                )

        )

)
2025-11-30T07:02:20+00:00 INFO Array
(
    [Webhook Delivery] => Array
        (
            [Delivery ID] => 45fe3de2eb25332c55c66a21025ea7e9
            [Date] => Nov 30, 2025 @ 7:02
            [URL] => https://live-mt-server.wati.io/395525/api/v1/woocommerce/webhookOrders/order_updated
            [Duration] => 0.11617
            [Request] => Array
                (
                    [Method] => POST
                    [Headers] => Array
                        (
                            [User-Agent] => WooCommerce/8.7.0 Hookshot (WordPress/6.8.3)
                            [Content-Type] => application/json
                            [X-WC-Webhook-Source] => https://portl.co/
                            [X-WC-Webhook-Topic] => order.updated
                            [X-WC-Webhook-Resource] => order
                            [X-WC-Webhook-Event] => updated
                            [X-WC-Webhook-Signature] => PU1g9nNI/E1jsEwUFCJshZFAhqaVjKPrkRS6KZh3iNU=
                            [X-WC-Webhook-ID] => 2
                            [X-WC-Webhook-Delivery-ID] => 45fe3de2eb25332c55c66a21025ea7e9
                        )

                )

            [Body] => Webhook body is not logged unless WP_DEBUG mode is turned on. This is to avoid the storing of personal data in the logs.
            [Response] => Array
                (
                    [Code] => 200
                    [Message] => OK
                    [Headers] => WpOrg\Requests\Utility\CaseInsensitiveDictionary Object
                        (
                            [data:protected] => Array
                                (
                                    [date] => Sun, 30 Nov 2025 07:02:20 GMT
                                    [content-type] => application/json; charset=utf-8
                                    [vary] => Accept-Encoding
                                    [content-encoding] => gzip
                                    [cf-cache-status] => DYNAMIC
                                    [server] => cloudflare
                                    [cf-ray] => 9a687a88ff5f3585-BLR
                                )

                        )

                    [Body] => Webhook body is not logged unless WP_DEBUG mode is turned on. This is to avoid the storing of personal data in the logs.
                )

        )

)
2025-11-30T07:28:39+00:00 INFO Array
(
    [Webhook Delivery] => Array
        (
            [Delivery ID] => ba99e45f6439df0ccdb2b26be73d48a3
            [Date] => Nov 30, 2025 @ 7:28
            [URL] => https://live-mt-server.wati.io/395525/api/v1/woocommerce/webhookOrders/order_created
            [Duration] => 0.84775
            [Request] => Array
                (
                    [Method] => POST
                    [Headers] => Array
                        (
                            [User-Agent] => WooCommerce/8.7.0 Hookshot (WordPress/6.8.3)
                            [Content-Type] => application/json
                            [X-WC-Webhook-Source] => https://portl.co/
                            [X-WC-Webhook-Topic] => order.created
                            [X-WC-Webhook-Resource] => order
                            [X-WC-Webhook-Event] => created
                            [X-WC-Webhook-Signature] => /+401K4mJ26woBRJDwI4EqU0/UBnOgXfeZhq/2DFDA8=
                            [X-WC-Webhook-ID] => 3
                            [X-WC-Webhook-Delivery-ID] => ba99e45f6439df0ccdb2b26be73d48a3
                        )

                )

            [Body] => Webhook body is not logged unless WP_DEBUG mode is turned on. This is to avoid the storing of personal data in the logs.
            [Response] => Array
                (
                    [Code] => 200
                    [Message] => OK
                    [Headers] => WpOrg\Requests\Utility\CaseInsensitiveDictionary Object
                        (
                            [data:protected] => Array
                                (
                                    [date] => Sun, 30 Nov 2025 07:28:39 GMT
                                    [content-type] => application/json; charset=utf-8
                                    [vary] => Accept-Encoding
                                    [content-encoding] => gzip
                                    [cf-cache-status] => DYNAMIC
                                    [server] => cloudflare
                                    [cf-ray] => 9a68a116082fe9c3-BLR
                                )

                        )

                    [Body] => Webhook body is not logged unless WP_DEBUG mode is turned on. This is to avoid the storing of personal data in the logs.
                )

        )

)
2025-11-30T07:28:39+00:00 INFO Array
(
    [Webhook Delivery] => Array
        (
            [Delivery ID] => a7e89b24017faa0b546b7dc989a09119
            [Date] => Nov 30, 2025 @ 7:28
            [URL] => https://live-mt-server.wati.io/395525/api/v1/woocommerce/webhookOrders/order_updated
            [Duration] => 0.12328
            [Request] => Array
                (
                    [Method] => POST
                    [Headers] => Array
                        (
                            [User-Agent] => WooCommerce/8.7.0 Hookshot (WordPress/6.8.3)
                            [Content-Type] => application/json
                            [X-WC-Webhook-Source] => https://portl.co/
                            [X-WC-Webhook-Topic] => order.updated
                            [X-WC-Webhook-Resource] => order
                            [X-WC-Webhook-Event] => updated
                            [X-WC-Webhook-Signature] => /+401K4mJ26woBRJDwI4EqU0/UBnOgXfeZhq/2DFDA8=
                            [X-WC-Webhook-ID] => 2
                            [X-WC-Webhook-Delivery-ID] => a7e89b24017faa0b546b7dc989a09119
                        )

                )

            [Body] => Webhook body is not logged unless WP_DEBUG mode is turned on. This is to avoid the storing of personal data in the logs.
            [Response] => Array
                (
                    [Code] => 200
                    [Message] => OK
                    [Headers] => WpOrg\Requests\Utility\CaseInsensitiveDictionary Object
                        (
                            [data:protected] => Array
                                (
                                    [date] => Sun, 30 Nov 2025 07:28:39 GMT
                                    [content-type] => application/json; charset=utf-8
                                    [vary] => Accept-Encoding
                                    [content-encoding] => gzip
                                    [cf-cache-status] => DYNAMIC
                                    [server] => cloudflare
                                    [cf-ray] => 9a68a116fc01b9d7-BLR
                                )

                        )

                    [Body] => Webhook body is not logged unless WP_DEBUG mode is turned on. This is to avoid the storing of personal data in the logs.
                )

        )

)
2025-11-30T14:00:26+00:00 INFO Array
(
    [Webhook Delivery] => Array
        (
            [Delivery ID] => 5e42b4327d6d94d9c51c19b80f059278
            [Date] => Nov 30, 2025 @ 14:00
            [URL] => https://live-mt-server.wati.io/395525/api/v1/woocommerce/webhookOrders/order_created
            [Duration] => 0.94045
            [Request] => Array
                (
                    [Method] => POST
                    [Headers] => Array
                        (
                            [User-Agent] => WooCommerce/8.7.0 Hookshot (WordPress/6.8.3)
                            [Content-Type] => application/json
                            [X-WC-Webhook-Source] => https://portl.co/
                            [X-WC-Webhook-Topic] => order.created
                            [X-WC-Webhook-Resource] => order
                            [X-WC-Webhook-Event] => created
                            [X-WC-Webhook-Signature] => tbPKPyNBenTzLq3IDns14mVdx9SkGXoVpQrNrG2os2E=
                            [X-WC-Webhook-ID] => 3
                            [X-WC-Webhook-Delivery-ID] => 5e42b4327d6d94d9c51c19b80f059278
                        )

                )

            [Body] => Webhook body is not logged unless WP_DEBUG mode is turned on. This is to avoid the storing of personal data in the logs.
            [Response] => Array
                (
                    [Code] => 200
                    [Message] => OK
                    [Headers] => WpOrg\Requests\Utility\CaseInsensitiveDictionary Object
                        (
                            [data:protected] => Array
                                (
                                    [date] => Sun, 30 Nov 2025 14:00:26 GMT
                                    [content-type] => application/json; charset=utf-8
                                    [vary] => Accept-Encoding
                                    [content-encoding] => gzip
                                    [cf-cache-status] => DYNAMIC
                                    [server] => cloudflare
                                    [cf-ray] => 9a6adefd3d34c1c2-BLR
                                )

                        )

                    [Body] => Webhook body is not logged unless WP_DEBUG mode is turned on. This is to avoid the storing of personal data in the logs.
                )

        )

)
2025-11-30T14:00:26+00:00 INFO Array
(
    [Webhook Delivery] => Array
        (
            [Delivery ID] => ac865c2f5596ec37b0d10b84d5729658
            [Date] => Nov 30, 2025 @ 14:00
            [URL] => https://live-mt-server.wati.io/395525/api/v1/woocommerce/webhookOrders/order_updated
            [Duration] => 0.12549
            [Request] => Array
                (
                    [Method] => POST
                    [Headers] => Array
                        (
                            [User-Agent] => WooCommerce/8.7.0 Hookshot (WordPress/6.8.3)
                            [Content-Type] => application/json
                            [X-WC-Webhook-Source] => https://portl.co/
                            [X-WC-Webhook-Topic] => order.updated
                            [X-WC-Webhook-Resource] => order
                            [X-WC-Webhook-Event] => updated
                            [X-WC-Webhook-Signature] => tbPKPyNBenTzLq3IDns14mVdx9SkGXoVpQrNrG2os2E=
                            [X-WC-Webhook-ID] => 2
                            [X-WC-Webhook-Delivery-ID] => ac865c2f5596ec37b0d10b84d5729658
                        )

                )

            [Body] => Webhook body is not logged unless WP_DEBUG mode is turned on. This is to avoid the storing of personal data in the logs.
            [Response] => Array
                (
                    [Code] => 200
                    [Message] => OK
                    [Headers] => WpOrg\Requests\Utility\CaseInsensitiveDictionary Object
                        (
                            [data:protected] => Array
                                (
                                    [date] => Sun, 30 Nov 2025 14:00:26 GMT
                                    [content-type] => application/json; charset=utf-8
                                    [vary] => Accept-Encoding
                                    [content-encoding] => gzip
                                    [cf-cache-status] => DYNAMIC
                                    [server] => cloudflare
                                    [cf-ray] => 9a6adefe28fbb080-BLR
                                )

                        )

                    [Body] => Webhook body is not logged unless WP_DEBUG mode is turned on. This is to avoid the storing of personal data in the logs.
                )

        )

)
2025-11-30T14:09:16+00:00 INFO Array
(
    [Webhook Delivery] => Array
        (
            [Delivery ID] => 9fdd6af7e19da4d728f507dbda9c58f0
            [Date] => Nov 30, 2025 @ 14:09
            [URL] => https://live-mt-server.wati.io/395525/api/v1/woocommerce/webhookOrders/order_updated
            [Duration] => 0.8531
            [Request] => Array
                (
                    [Method] => POST
                    [Headers] => Array
                        (
                            [User-Agent] => WooCommerce/8.7.0 Hookshot (WordPress/6.8.3)
                            [Content-Type] => application/json
                            [X-WC-Webhook-Source] => https://portl.co/
                            [X-WC-Webhook-Topic] => order.updated
                            [X-WC-Webhook-Resource] => order
                            [X-WC-Webhook-Event] => updated
                            [X-WC-Webhook-Signature] => tf6qr9xg/JnqxzmizC35wpc+iXhzBHnJnjdIQj0htcc=
                            [X-WC-Webhook-ID] => 2
                            [X-WC-Webhook-Delivery-ID] => 9fdd6af7e19da4d728f507dbda9c58f0
                        )

                )

            [Body] => Webhook body is not logged unless WP_DEBUG mode is turned on. This is to avoid the storing of personal data in the logs.
            [Response] => Array
                (
                    [Code] => 200
                    [Message] => OK
                    [Headers] => WpOrg\Requests\Utility\CaseInsensitiveDictionary Object
                        (
                            [data:protected] => Array
                                (
                                    [date] => Sun, 30 Nov 2025 14:09:16 GMT
                                    [content-type] => application/json; charset=utf-8
                                    [vary] => Accept-Encoding
                                    [content-encoding] => gzip
                                    [cf-cache-status] => DYNAMIC
                                    [server] => cloudflare
                                    [cf-ray] => 9a6aebf018d4c1b0-BLR
                                )

                        )

                    [Body] => Webhook body is not logged unless WP_DEBUG mode is turned on. This is to avoid the storing of personal data in the logs.
                )

        )

)
