2025-11-21T04:58:26+00:00 INFO Array
(
    [Webhook Delivery] => Array
        (
            [Delivery ID] => 8017c44df7e5919d2f216f31cc49a78a
            [Date] => Nov 21, 2025 @ 4:58
            [URL] => https://live-mt-server.wati.io/395525/api/v1/woocommerce/webhookOrders/order_created
            [Duration] => 0.83713
            [Request] => Array
                (
                    [Method] => POST
                    [Headers] => Array
                        (
                            [User-Agent] => WooCommerce/8.7.0 Hookshot (WordPress/6.8.3)
                            [Content-Type] => application/json
                            [X-WC-Webhook-Source] => https://portl.co/
                            [X-WC-Webhook-Topic] => order.created
                            [X-WC-Webhook-Resource] => order
                            [X-WC-Webhook-Event] => created
                            [X-WC-Webhook-Signature] => H28zQU65vQXoSwFRiwdYr6gsmNu3vs4vqMEVOosOA9M=
                            [X-WC-Webhook-ID] => 3
                            [X-WC-Webhook-Delivery-ID] => 8017c44df7e5919d2f216f31cc49a78a
                        )

                )

            [Body] => Webhook body is not logged unless WP_DEBUG mode is turned on. This is to avoid the storing of personal data in the logs.
            [Response] => Array
                (
                    [Code] => 200
                    [Message] => OK
                    [Headers] => WpOrg\Requests\Utility\CaseInsensitiveDictionary Object
                        (
                            [data:protected] => Array
                                (
                                    [date] => Fri, 21 Nov 2025 04:58:26 GMT
                                    [content-type] => application/json; charset=utf-8
                                    [vary] => Accept-Encoding
                                    [content-encoding] => gzip
                                    [cf-cache-status] => DYNAMIC
                                    [server] => cloudflare
                                    [cf-ray] => 9a1d9cab19efc190-BLR
                                )

                        )

                    [Body] => Webhook body is not logged unless WP_DEBUG mode is turned on. This is to avoid the storing of personal data in the logs.
                )

        )

)
2025-11-21T04:58:26+00:00 INFO Array
(
    [Webhook Delivery] => Array
        (
            [Delivery ID] => 36dd09470946013a0720f44b7f16aa62
            [Date] => Nov 21, 2025 @ 4:58
            [URL] => https://live-mt-server.wati.io/395525/api/v1/woocommerce/webhookOrders/order_updated
            [Duration] => 0.1495
            [Request] => Array
                (
                    [Method] => POST
                    [Headers] => Array
                        (
                            [User-Agent] => WooCommerce/8.7.0 Hookshot (WordPress/6.8.3)
                            [Content-Type] => application/json
                            [X-WC-Webhook-Source] => https://portl.co/
                            [X-WC-Webhook-Topic] => order.updated
                            [X-WC-Webhook-Resource] => order
                            [X-WC-Webhook-Event] => updated
                            [X-WC-Webhook-Signature] => H28zQU65vQXoSwFRiwdYr6gsmNu3vs4vqMEVOosOA9M=
                            [X-WC-Webhook-ID] => 2
                            [X-WC-Webhook-Delivery-ID] => 36dd09470946013a0720f44b7f16aa62
                        )

                )

            [Body] => Webhook body is not logged unless WP_DEBUG mode is turned on. This is to avoid the storing of personal data in the logs.
            [Response] => Array
                (
                    [Code] => 200
                    [Message] => OK
                    [Headers] => WpOrg\Requests\Utility\CaseInsensitiveDictionary Object
                        (
                            [data:protected] => Array
                                (
                                    [date] => Fri, 21 Nov 2025 04:58:26 GMT
                                    [content-type] => application/json; charset=utf-8
                                    [vary] => Accept-Encoding
                                    [content-encoding] => gzip
                                    [cf-cache-status] => DYNAMIC
                                    [server] => cloudflare
                                    [cf-ray] => 9a1d9cac2b02a45e-BLR
                                )

                        )

                    [Body] => Webhook body is not logged unless WP_DEBUG mode is turned on. This is to avoid the storing of personal data in the logs.
                )

        )

)
2025-11-21T04:59:17+00:00 INFO Array
(
    [Webhook Delivery] => Array
        (
            [Delivery ID] => dbe0567c4cf50608a93a81d247ff2c33
            [Date] => Nov 21, 2025 @ 4:59
            [URL] => https://live-mt-server.wati.io/395525/api/v1/woocommerce/webhookOrders/order_updated
            [Duration] => 0.91732
            [Request] => Array
                (
                    [Method] => POST
                    [Headers] => Array
                        (
                            [User-Agent] => WooCommerce/8.7.0 Hookshot (WordPress/6.8.3)
                            [Content-Type] => application/json
                            [X-WC-Webhook-Source] => https://portl.co/
                            [X-WC-Webhook-Topic] => order.updated
                            [X-WC-Webhook-Resource] => order
                            [X-WC-Webhook-Event] => updated
                            [X-WC-Webhook-Signature] => XOT/e2Zr4NJLcDUvmfCl4leK0uBeGDxIFXIbYOqPBBw=
                            [X-WC-Webhook-ID] => 2
                            [X-WC-Webhook-Delivery-ID] => dbe0567c4cf50608a93a81d247ff2c33
                        )

                )

            [Body] => Webhook body is not logged unless WP_DEBUG mode is turned on. This is to avoid the storing of personal data in the logs.
            [Response] => Array
                (
                    [Code] => 200
                    [Message] => OK
                    [Headers] => WpOrg\Requests\Utility\CaseInsensitiveDictionary Object
                        (
                            [data:protected] => Array
                                (
                                    [date] => Fri, 21 Nov 2025 04:59:17 GMT
                                    [content-type] => application/json; charset=utf-8
                                    [vary] => Accept-Encoding
                                    [content-encoding] => gzip
                                    [cf-cache-status] => DYNAMIC
                                    [server] => cloudflare
                                    [cf-ray] => 9a1d9de73d09999b-BLR
                                )

                        )

                    [Body] => Webhook body is not logged unless WP_DEBUG mode is turned on. This is to avoid the storing of personal data in the logs.
                )

        )

)
2025-11-21T05:04:15+00:00 INFO Array
(
    [Webhook Delivery] => Array
        (
            [Delivery ID] => fbb4378e9e1b731925ad746d7b2a1775
            [Date] => Nov 21, 2025 @ 5:04
            [URL] => https://live-mt-server.wati.io/395525/api/v1/woocommerce/webhookOrders/order_created
            [Duration] => 0.86577
            [Request] => Array
                (
                    [Method] => POST
                    [Headers] => Array
                        (
                            [User-Agent] => WooCommerce/8.7.0 Hookshot (WordPress/6.8.3)
                            [Content-Type] => application/json
                            [X-WC-Webhook-Source] => https://portl.co/
                            [X-WC-Webhook-Topic] => order.created
                            [X-WC-Webhook-Resource] => order
                            [X-WC-Webhook-Event] => created
                            [X-WC-Webhook-Signature] => ZDINNpnD9FhsT0qMJBh2XuyJbuqu3Ck2QMJ7TC6Q0Os=
                            [X-WC-Webhook-ID] => 3
                            [X-WC-Webhook-Delivery-ID] => fbb4378e9e1b731925ad746d7b2a1775
                        )

                )

            [Body] => Webhook body is not logged unless WP_DEBUG mode is turned on. This is to avoid the storing of personal data in the logs.
            [Response] => Array
                (
                    [Code] => 200
                    [Message] => OK
                    [Headers] => WpOrg\Requests\Utility\CaseInsensitiveDictionary Object
                        (
                            [data:protected] => Array
                                (
                                    [date] => Fri, 21 Nov 2025 05:04:15 GMT
                                    [content-type] => application/json; charset=utf-8
                                    [vary] => Accept-Encoding
                                    [content-encoding] => gzip
                                    [cf-cache-status] => DYNAMIC
                                    [server] => cloudflare
                                    [cf-ray] => 9a1da5313816cf00-BLR
                                )

                        )

                    [Body] => Webhook body is not logged unless WP_DEBUG mode is turned on. This is to avoid the storing of personal data in the logs.
                )

        )

)
2025-11-21T05:04:15+00:00 INFO Array
(
    [Webhook Delivery] => Array
        (
            [Delivery ID] => fc51bea624b4fd7b8a9c4e7fe3a3a413
            [Date] => Nov 21, 2025 @ 5:04
            [URL] => https://live-mt-server.wati.io/395525/api/v1/woocommerce/webhookOrders/order_updated
            [Duration] => 0.12319
            [Request] => Array
                (
                    [Method] => POST
                    [Headers] => Array
                        (
                            [User-Agent] => WooCommerce/8.7.0 Hookshot (WordPress/6.8.3)
                            [Content-Type] => application/json
                            [X-WC-Webhook-Source] => https://portl.co/
                            [X-WC-Webhook-Topic] => order.updated
                            [X-WC-Webhook-Resource] => order
                            [X-WC-Webhook-Event] => updated
                            [X-WC-Webhook-Signature] => ZDINNpnD9FhsT0qMJBh2XuyJbuqu3Ck2QMJ7TC6Q0Os=
                            [X-WC-Webhook-ID] => 2
                            [X-WC-Webhook-Delivery-ID] => fc51bea624b4fd7b8a9c4e7fe3a3a413
                        )

                )

            [Body] => Webhook body is not logged unless WP_DEBUG mode is turned on. This is to avoid the storing of personal data in the logs.
            [Response] => Array
                (
                    [Code] => 200
                    [Message] => OK
                    [Headers] => WpOrg\Requests\Utility\CaseInsensitiveDictionary Object
                        (
                            [data:protected] => Array
                                (
                                    [date] => Fri, 21 Nov 2025 05:04:15 GMT
                                    [content-type] => application/json; charset=utf-8
                                    [vary] => Accept-Encoding
                                    [content-encoding] => gzip
                                    [cf-cache-status] => DYNAMIC
                                    [server] => cloudflare
                                    [cf-ray] => 9a1da5322fa98cf1-BLR
                                )

                        )

                    [Body] => Webhook body is not logged unless WP_DEBUG mode is turned on. This is to avoid the storing of personal data in the logs.
                )

        )

)
2025-11-21T05:06:06+00:00 INFO Array
(
    [Webhook Delivery] => Array
        (
            [Delivery ID] => 35ffb84f674da33f09ea488b92339723
            [Date] => Nov 21, 2025 @ 5:06
            [URL] => https://live-mt-server.wati.io/395525/api/v1/woocommerce/webhookOrders/order_updated
            [Duration] => 0.86943
            [Request] => Array
                (
                    [Method] => POST
                    [Headers] => Array
                        (
                            [User-Agent] => WooCommerce/8.7.0 Hookshot (WordPress/6.8.3)
                            [Content-Type] => application/json
                            [X-WC-Webhook-Source] => https://portl.co/
                            [X-WC-Webhook-Topic] => order.updated
                            [X-WC-Webhook-Resource] => order
                            [X-WC-Webhook-Event] => updated
                            [X-WC-Webhook-Signature] => gsYc9P6ITUkhbj/akY3OXA3FvNLHJTJ2i6yYZEHV+FY=
                            [X-WC-Webhook-ID] => 2
                            [X-WC-Webhook-Delivery-ID] => 35ffb84f674da33f09ea488b92339723
                        )

                )

            [Body] => Webhook body is not logged unless WP_DEBUG mode is turned on. This is to avoid the storing of personal data in the logs.
            [Response] => Array
                (
                    [Code] => 200
                    [Message] => OK
                    [Headers] => WpOrg\Requests\Utility\CaseInsensitiveDictionary Object
                        (
                            [data:protected] => Array
                                (
                                    [date] => Fri, 21 Nov 2025 05:06:06 GMT
                                    [content-type] => application/json; charset=utf-8
                                    [vary] => Accept-Encoding
                                    [content-encoding] => gzip
                                    [cf-cache-status] => DYNAMIC
                                    [server] => cloudflare
                                    [cf-ray] => 9a1da7e7fd7a8cf1-BLR
                                )

                        )

                    [Body] => Webhook body is not logged unless WP_DEBUG mode is turned on. This is to avoid the storing of personal data in the logs.
                )

        )

)
2025-11-21T05:11:12+00:00 INFO Array
(
    [Webhook Delivery] => Array
        (
            [Delivery ID] => 9ca368deae739e5af55e5c9bfbacdb59
            [Date] => Nov 21, 2025 @ 5:11
            [URL] => https://live-mt-server.wati.io/395525/api/v1/woocommerce/webhookOrders/order_created
            [Duration] => 1.20563
            [Request] => Array
                (
                    [Method] => POST
                    [Headers] => Array
                        (
                            [User-Agent] => WooCommerce/8.7.0 Hookshot (WordPress/6.8.3)
                            [Content-Type] => application/json
                            [X-WC-Webhook-Source] => https://portl.co/
                            [X-WC-Webhook-Topic] => order.created
                            [X-WC-Webhook-Resource] => order
                            [X-WC-Webhook-Event] => created
                            [X-WC-Webhook-Signature] => pK3FqNTeUAqV5zGONkAYYuupA91/M6GaF6yUBHkHDsM=
                            [X-WC-Webhook-ID] => 3
                            [X-WC-Webhook-Delivery-ID] => 9ca368deae739e5af55e5c9bfbacdb59
                        )

                )

            [Body] => Webhook body is not logged unless WP_DEBUG mode is turned on. This is to avoid the storing of personal data in the logs.
            [Response] => Array
                (
                    [Code] => 200
                    [Message] => OK
                    [Headers] => WpOrg\Requests\Utility\CaseInsensitiveDictionary Object
                        (
                            [data:protected] => Array
                                (
                                    [date] => Fri, 21 Nov 2025 05:11:12 GMT
                                    [content-type] => application/json; charset=utf-8
                                    [vary] => Accept-Encoding
                                    [content-encoding] => gzip
                                    [cf-cache-status] => DYNAMIC
                                    [server] => cloudflare
                                    [cf-ray] => 9a1daf60fac01eef-BLR
                                )

                        )

                    [Body] => Webhook body is not logged unless WP_DEBUG mode is turned on. This is to avoid the storing of personal data in the logs.
                )

        )

)
2025-11-21T05:11:13+00:00 INFO Array
(
    [Webhook Delivery] => Array
        (
            [Delivery ID] => 5107d01824ed9e0a4c2edefd3d2ec85a
            [Date] => Nov 21, 2025 @ 5:11
            [URL] => https://live-mt-server.wati.io/395525/api/v1/woocommerce/webhookOrders/order_updated
            [Duration] => 0.13657
            [Request] => Array
                (
                    [Method] => POST
                    [Headers] => Array
                        (
                            [User-Agent] => WooCommerce/8.7.0 Hookshot (WordPress/6.8.3)
                            [Content-Type] => application/json
                            [X-WC-Webhook-Source] => https://portl.co/
                            [X-WC-Webhook-Topic] => order.updated
                            [X-WC-Webhook-Resource] => order
                            [X-WC-Webhook-Event] => updated
                            [X-WC-Webhook-Signature] => pK3FqNTeUAqV5zGONkAYYuupA91/M6GaF6yUBHkHDsM=
                            [X-WC-Webhook-ID] => 2
                            [X-WC-Webhook-Delivery-ID] => 5107d01824ed9e0a4c2edefd3d2ec85a
                        )

                )

            [Body] => Webhook body is not logged unless WP_DEBUG mode is turned on. This is to avoid the storing of personal data in the logs.
            [Response] => Array
                (
                    [Code] => 200
                    [Message] => OK
                    [Headers] => WpOrg\Requests\Utility\CaseInsensitiveDictionary Object
                        (
                            [data:protected] => Array
                                (
                                    [date] => Fri, 21 Nov 2025 05:11:13 GMT
                                    [content-type] => application/json; charset=utf-8
                                    [vary] => Accept-Encoding
                                    [content-encoding] => gzip
                                    [cf-cache-status] => DYNAMIC
                                    [server] => cloudflare
                                    [cf-ray] => 9a1daf61cf037fa8-BLR
                                )

                        )

                    [Body] => Webhook body is not logged unless WP_DEBUG mode is turned on. This is to avoid the storing of personal data in the logs.
                )

        )

)
2025-11-21T05:11:46+00:00 INFO Array
(
    [Webhook Delivery] => Array
        (
            [Delivery ID] => 8bd7c0f0400e05ad3bb79796396b5f54
            [Date] => Nov 21, 2025 @ 5:11
            [URL] => https://live-mt-server.wati.io/395525/api/v1/woocommerce/webhookOrders/order_updated
            [Duration] => 0.79922
            [Request] => Array
                (
                    [Method] => POST
                    [Headers] => Array
                        (
                            [User-Agent] => WooCommerce/8.7.0 Hookshot (WordPress/6.8.3)
                            [Content-Type] => application/json
                            [X-WC-Webhook-Source] => https://portl.co/
                            [X-WC-Webhook-Topic] => order.updated
                            [X-WC-Webhook-Resource] => order
                            [X-WC-Webhook-Event] => updated
                            [X-WC-Webhook-Signature] => H58ak0oCagX3dnscK5MV46WEGzg5LJFrSBDAEfmMptw=
                            [X-WC-Webhook-ID] => 2
                            [X-WC-Webhook-Delivery-ID] => 8bd7c0f0400e05ad3bb79796396b5f54
                        )

                )

            [Body] => Webhook body is not logged unless WP_DEBUG mode is turned on. This is to avoid the storing of personal data in the logs.
            [Response] => Array
                (
                    [Code] => 200
                    [Message] => OK
                    [Headers] => WpOrg\Requests\Utility\CaseInsensitiveDictionary Object
                        (
                            [data:protected] => Array
                                (
                                    [date] => Fri, 21 Nov 2025 05:11:46 GMT
                                    [content-type] => application/json; charset=utf-8
                                    [vary] => Accept-Encoding
                                    [content-encoding] => gzip
                                    [cf-cache-status] => DYNAMIC
                                    [server] => cloudflare
                                    [cf-ray] => 9a1db0349febc469-BLR
                                )

                        )

                    [Body] => Webhook body is not logged unless WP_DEBUG mode is turned on. This is to avoid the storing of personal data in the logs.
                )

        )

)
2025-11-21T05:15:28+00:00 INFO Array
(
    [Webhook Delivery] => Array
        (
            [Delivery ID] => 090627d3b24ffe3d9201c68aaa823c31
            [Date] => Nov 21, 2025 @ 5:15
            [URL] => https://live-mt-server.wati.io/395525/api/v1/woocommerce/webhookOrders/order_created
            [Duration] => 0.7937
            [Request] => Array
                (
                    [Method] => POST
                    [Headers] => Array
                        (
                            [User-Agent] => WooCommerce/8.7.0 Hookshot (WordPress/6.8.3)
                            [Content-Type] => application/json
                            [X-WC-Webhook-Source] => https://portl.co/
                            [X-WC-Webhook-Topic] => order.created
                            [X-WC-Webhook-Resource] => order
                            [X-WC-Webhook-Event] => created
                            [X-WC-Webhook-Signature] => cIPopmmHOLqZEg0B0E+a68bUX4USyeb/RbzykVWvSi0=
                            [X-WC-Webhook-ID] => 3
                            [X-WC-Webhook-Delivery-ID] => 090627d3b24ffe3d9201c68aaa823c31
                        )

                )

            [Body] => Webhook body is not logged unless WP_DEBUG mode is turned on. This is to avoid the storing of personal data in the logs.
            [Response] => Array
                (
                    [Code] => 200
                    [Message] => OK
                    [Headers] => WpOrg\Requests\Utility\CaseInsensitiveDictionary Object
                        (
                            [data:protected] => Array
                                (
                                    [date] => Fri, 21 Nov 2025 05:15:28 GMT
                                    [content-type] => application/json; charset=utf-8
                                    [vary] => Accept-Encoding
                                    [content-encoding] => gzip
                                    [cf-cache-status] => DYNAMIC
                                    [server] => cloudflare
                                    [cf-ray] => 9a1db59bfbfaf473-BLR
                                )

                        )

                    [Body] => Webhook body is not logged unless WP_DEBUG mode is turned on. This is to avoid the storing of personal data in the logs.
                )

        )

)
2025-11-21T05:15:28+00:00 INFO Array
(
    [Webhook Delivery] => Array
        (
            [Delivery ID] => 48af317e6b2bf561f4b85c0806159de4
            [Date] => Nov 21, 2025 @ 5:15
            [URL] => https://live-mt-server.wati.io/395525/api/v1/woocommerce/webhookOrders/order_updated
            [Duration] => 0.18022
            [Request] => Array
                (
                    [Method] => POST
                    [Headers] => Array
                        (
                            [User-Agent] => WooCommerce/8.7.0 Hookshot (WordPress/6.8.3)
                            [Content-Type] => application/json
                            [X-WC-Webhook-Source] => https://portl.co/
                            [X-WC-Webhook-Topic] => order.updated
                            [X-WC-Webhook-Resource] => order
                            [X-WC-Webhook-Event] => updated
                            [X-WC-Webhook-Signature] => cIPopmmHOLqZEg0B0E+a68bUX4USyeb/RbzykVWvSi0=
                            [X-WC-Webhook-ID] => 2
                            [X-WC-Webhook-Delivery-ID] => 48af317e6b2bf561f4b85c0806159de4
                        )

                )

            [Body] => Webhook body is not logged unless WP_DEBUG mode is turned on. This is to avoid the storing of personal data in the logs.
            [Response] => Array
                (
                    [Code] => 200
                    [Message] => OK
                    [Headers] => WpOrg\Requests\Utility\CaseInsensitiveDictionary Object
                        (
                            [data:protected] => Array
                                (
                                    [date] => Fri, 21 Nov 2025 05:15:28 GMT
                                    [content-type] => application/json; charset=utf-8
                                    [vary] => Accept-Encoding
                                    [content-encoding] => gzip
                                    [cf-cache-status] => DYNAMIC
                                    [server] => cloudflare
                                    [cf-ray] => 9a1db59cff511eef-BLR
                                )

                        )

                    [Body] => Webhook body is not logged unless WP_DEBUG mode is turned on. This is to avoid the storing of personal data in the logs.
                )

        )

)
2025-11-21T06:19:24+00:00 INFO Array
(
    [Webhook Delivery] => Array
        (
            [Delivery ID] => 9fe78858b852c8b1c2b5a161164ce420
            [Date] => Nov 21, 2025 @ 6:19
            [URL] => https://live-mt-server.wati.io/395525/api/v1/woocommerce/webhookOrders/order_created
            [Duration] => 0.88088
            [Request] => Array
                (
                    [Method] => POST
                    [Headers] => Array
                        (
                            [User-Agent] => WooCommerce/8.7.0 Hookshot (WordPress/6.8.3)
                            [Content-Type] => application/json
                            [X-WC-Webhook-Source] => https://portl.co/
                            [X-WC-Webhook-Topic] => order.created
                            [X-WC-Webhook-Resource] => order
                            [X-WC-Webhook-Event] => created
                            [X-WC-Webhook-Signature] => 8GVIDunbVzs3gTnYJVYKG8x38xJZlP86/fkeAhQHyRQ=
                            [X-WC-Webhook-ID] => 3
                            [X-WC-Webhook-Delivery-ID] => 9fe78858b852c8b1c2b5a161164ce420
                        )

                )

            [Body] => Webhook body is not logged unless WP_DEBUG mode is turned on. This is to avoid the storing of personal data in the logs.
            [Response] => Array
                (
                    [Code] => 200
                    [Message] => OK
                    [Headers] => WpOrg\Requests\Utility\CaseInsensitiveDictionary Object
                        (
                            [data:protected] => Array
                                (
                                    [date] => Fri, 21 Nov 2025 06:19:24 GMT
                                    [content-type] => application/json; charset=utf-8
                                    [vary] => Accept-Encoding
                                    [content-encoding] => gzip
                                    [cf-cache-status] => DYNAMIC
                                    [server] => cloudflare
                                    [cf-ray] => 9a1e1348588dcf00-BLR
                                )

                        )

                    [Body] => Webhook body is not logged unless WP_DEBUG mode is turned on. This is to avoid the storing of personal data in the logs.
                )

        )

)
2025-11-21T06:19:25+00:00 INFO Array
(
    [Webhook Delivery] => Array
        (
            [Delivery ID] => 9623e02417a33d86090371184a4e254a
            [Date] => Nov 21, 2025 @ 6:19
            [URL] => https://live-mt-server.wati.io/395525/api/v1/woocommerce/webhookOrders/order_updated
            [Duration] => 0.15184
            [Request] => Array
                (
                    [Method] => POST
                    [Headers] => Array
                        (
                            [User-Agent] => WooCommerce/8.7.0 Hookshot (WordPress/6.8.3)
                            [Content-Type] => application/json
                            [X-WC-Webhook-Source] => https://portl.co/
                            [X-WC-Webhook-Topic] => order.updated
                            [X-WC-Webhook-Resource] => order
                            [X-WC-Webhook-Event] => updated
                            [X-WC-Webhook-Signature] => 8GVIDunbVzs3gTnYJVYKG8x38xJZlP86/fkeAhQHyRQ=
                            [X-WC-Webhook-ID] => 2
                            [X-WC-Webhook-Delivery-ID] => 9623e02417a33d86090371184a4e254a
                        )

                )

            [Body] => Webhook body is not logged unless WP_DEBUG mode is turned on. This is to avoid the storing of personal data in the logs.
            [Response] => Array
                (
                    [Code] => 200
                    [Message] => OK
                    [Headers] => WpOrg\Requests\Utility\CaseInsensitiveDictionary Object
                        (
                            [data:protected] => Array
                                (
                                    [date] => Fri, 21 Nov 2025 06:19:25 GMT
                                    [content-type] => application/json; charset=utf-8
                                    [vary] => Accept-Encoding
                                    [content-encoding] => gzip
                                    [cf-cache-status] => DYNAMIC
                                    [server] => cloudflare
                                    [cf-ray] => 9a1e134959b6c1c4-BLR
                                )

                        )

                    [Body] => Webhook body is not logged unless WP_DEBUG mode is turned on. This is to avoid the storing of personal data in the logs.
                )

        )

)
2025-11-21T06:20:46+00:00 INFO Array
(
    [Webhook Delivery] => Array
        (
            [Delivery ID] => b7a45f77a35bf54da1a8ab616880db25
            [Date] => Nov 21, 2025 @ 6:20
            [URL] => https://live-mt-server.wati.io/395525/api/v1/woocommerce/webhookOrders/order_updated
            [Duration] => 0.81298
            [Request] => Array
                (
                    [Method] => POST
                    [Headers] => Array
                        (
                            [User-Agent] => WooCommerce/8.7.0 Hookshot (WordPress/6.8.3)
                            [Content-Type] => application/json
                            [X-WC-Webhook-Source] => https://portl.co/
                            [X-WC-Webhook-Topic] => order.updated
                            [X-WC-Webhook-Resource] => order
                            [X-WC-Webhook-Event] => updated
                            [X-WC-Webhook-Signature] => Ak3ghrUtI5MS2F6hBnpsNIeBxn0sXuwIgYVcP9Fy5Dw=
                            [X-WC-Webhook-ID] => 2
                            [X-WC-Webhook-Delivery-ID] => b7a45f77a35bf54da1a8ab616880db25
                        )

                )

            [Body] => Webhook body is not logged unless WP_DEBUG mode is turned on. This is to avoid the storing of personal data in the logs.
            [Response] => Array
                (
                    [Code] => 200
                    [Message] => OK
                    [Headers] => WpOrg\Requests\Utility\CaseInsensitiveDictionary Object
                        (
                            [data:protected] => Array
                                (
                                    [date] => Fri, 21 Nov 2025 06:20:46 GMT
                                    [content-type] => application/json; charset=utf-8
                                    [vary] => Accept-Encoding
                                    [content-encoding] => gzip
                                    [cf-cache-status] => DYNAMIC
                                    [server] => cloudflare
                                    [cf-ray] => 9a1e154879cf5917-BLR
                                )

                        )

                    [Body] => Webhook body is not logged unless WP_DEBUG mode is turned on. This is to avoid the storing of personal data in the logs.
                )

        )

)
2025-11-21T07:43:16+00:00 INFO Array
(
    [Webhook Delivery] => Array
        (
            [Delivery ID] => 45ab1c3c33e27d32b57d97a9ca28d548
            [Date] => Nov 21, 2025 @ 7:43
            [URL] => https://live-mt-server.wati.io/395525/api/v1/woocommerce/webhookOrders/order_created
            [Duration] => 0.79616
            [Request] => Array
                (
                    [Method] => POST
                    [Headers] => Array
                        (
                            [User-Agent] => WooCommerce/8.7.0 Hookshot (WordPress/6.8.3)
                            [Content-Type] => application/json
                            [X-WC-Webhook-Source] => https://portl.co/
                            [X-WC-Webhook-Topic] => order.created
                            [X-WC-Webhook-Resource] => order
                            [X-WC-Webhook-Event] => created
                            [X-WC-Webhook-Signature] => XGHORihXcWudYRquZLvqkkxFgAJLtObHnciLJSVqCHk=
                            [X-WC-Webhook-ID] => 3
                            [X-WC-Webhook-Delivery-ID] => 45ab1c3c33e27d32b57d97a9ca28d548
                        )

                )

            [Body] => Webhook body is not logged unless WP_DEBUG mode is turned on. This is to avoid the storing of personal data in the logs.
            [Response] => Array
                (
                    [Code] => 200
                    [Message] => OK
                    [Headers] => WpOrg\Requests\Utility\CaseInsensitiveDictionary Object
                        (
                            [data:protected] => Array
                                (
                                    [date] => Fri, 21 Nov 2025 07:43:15 GMT
                                    [content-type] => application/json; charset=utf-8
                                    [vary] => Accept-Encoding
                                    [content-encoding] => gzip
                                    [cf-cache-status] => DYNAMIC
                                    [server] => cloudflare
                                    [cf-ray] => 9a1e8e1c6b53c537-BLR
                                )

                        )

                    [Body] => Webhook body is not logged unless WP_DEBUG mode is turned on. This is to avoid the storing of personal data in the logs.
                )

        )

)
2025-11-21T07:43:16+00:00 INFO Array
(
    [Webhook Delivery] => Array
        (
            [Delivery ID] => 736460fb11823746107ba75e059cb87a
            [Date] => Nov 21, 2025 @ 7:43
            [URL] => https://live-mt-server.wati.io/395525/api/v1/woocommerce/webhookOrders/order_updated
            [Duration] => 0.11955
            [Request] => Array
                (
                    [Method] => POST
                    [Headers] => Array
                        (
                            [User-Agent] => WooCommerce/8.7.0 Hookshot (WordPress/6.8.3)
                            [Content-Type] => application/json
                            [X-WC-Webhook-Source] => https://portl.co/
                            [X-WC-Webhook-Topic] => order.updated
                            [X-WC-Webhook-Resource] => order
                            [X-WC-Webhook-Event] => updated
                            [X-WC-Webhook-Signature] => XGHORihXcWudYRquZLvqkkxFgAJLtObHnciLJSVqCHk=
                            [X-WC-Webhook-ID] => 2
                            [X-WC-Webhook-Delivery-ID] => 736460fb11823746107ba75e059cb87a
                        )

                )

            [Body] => Webhook body is not logged unless WP_DEBUG mode is turned on. This is to avoid the storing of personal data in the logs.
            [Response] => Array
                (
                    [Code] => 200
                    [Message] => OK
                    [Headers] => WpOrg\Requests\Utility\CaseInsensitiveDictionary Object
                        (
                            [data:protected] => Array
                                (
                                    [date] => Fri, 21 Nov 2025 07:43:16 GMT
                                    [content-type] => application/json; charset=utf-8
                                    [vary] => Accept-Encoding
                                    [content-encoding] => gzip
                                    [cf-cache-status] => DYNAMIC
                                    [server] => cloudflare
                                    [cf-ray] => 9a1e8e1d3ee1c1b0-BLR
                                )

                        )

                    [Body] => Webhook body is not logged unless WP_DEBUG mode is turned on. This is to avoid the storing of personal data in the logs.
                )

        )

)
2025-11-21T07:44:25+00:00 INFO Array
(
    [Webhook Delivery] => Array
        (
            [Delivery ID] => 194ebd9d6d084404b508657b1446a60e
            [Date] => Nov 21, 2025 @ 7:44
            [URL] => https://live-mt-server.wati.io/395525/api/v1/woocommerce/webhookOrders/order_updated
            [Duration] => 0.90158
            [Request] => Array
                (
                    [Method] => POST
                    [Headers] => Array
                        (
                            [User-Agent] => WooCommerce/8.7.0 Hookshot (WordPress/6.8.3)
                            [Content-Type] => application/json
                            [X-WC-Webhook-Source] => https://portl.co/
                            [X-WC-Webhook-Topic] => order.updated
                            [X-WC-Webhook-Resource] => order
                            [X-WC-Webhook-Event] => updated
                            [X-WC-Webhook-Signature] => ZY71unchjqZRnCVsqDaDGjACIm3Jd8RXjD59lHhUR2g=
                            [X-WC-Webhook-ID] => 2
                            [X-WC-Webhook-Delivery-ID] => 194ebd9d6d084404b508657b1446a60e
                        )

                )

            [Body] => Webhook body is not logged unless WP_DEBUG mode is turned on. This is to avoid the storing of personal data in the logs.
            [Response] => Array
                (
                    [Code] => 200
                    [Message] => OK
                    [Headers] => WpOrg\Requests\Utility\CaseInsensitiveDictionary Object
                        (
                            [data:protected] => Array
                                (
                                    [date] => Fri, 21 Nov 2025 07:44:24 GMT
                                    [content-type] => application/json; charset=utf-8
                                    [vary] => Accept-Encoding
                                    [content-encoding] => gzip
                                    [cf-cache-status] => DYNAMIC
                                    [server] => cloudflare
                                    [cf-ray] => 9a1e8fcb9a58f470-BLR
                                )

                        )

                    [Body] => Webhook body is not logged unless WP_DEBUG mode is turned on. This is to avoid the storing of personal data in the logs.
                )

        )

)
2025-11-21T14:45:20+00:00 INFO Array
(
    [Webhook Delivery] => Array
        (
            [Delivery ID] => b5afee4b83840eadd3f5559b375030a3
            [Date] => Nov 21, 2025 @ 14:45
            [URL] => https://live-mt-server.wati.io/395525/api/v1/woocommerce/webhookOrders/order_created
            [Duration] => 0.98456
            [Request] => Array
                (
                    [Method] => POST
                    [Headers] => Array
                        (
                            [User-Agent] => WooCommerce/8.7.0 Hookshot (WordPress/6.8.3)
                            [Content-Type] => application/json
                            [X-WC-Webhook-Source] => https://portl.co/
                            [X-WC-Webhook-Topic] => order.created
                            [X-WC-Webhook-Resource] => order
                            [X-WC-Webhook-Event] => created
                            [X-WC-Webhook-Signature] => voeSHoZjx5KgptnPnFovpkZDVcaBacN045HCCtEIfEM=
                            [X-WC-Webhook-ID] => 3
                            [X-WC-Webhook-Delivery-ID] => b5afee4b83840eadd3f5559b375030a3
                        )

                )

            [Body] => Webhook body is not logged unless WP_DEBUG mode is turned on. This is to avoid the storing of personal data in the logs.
            [Response] => Array
                (
                    [Code] => 200
                    [Message] => OK
                    [Headers] => WpOrg\Requests\Utility\CaseInsensitiveDictionary Object
                        (
                            [data:protected] => Array
                                (
                                    [date] => Fri, 21 Nov 2025 14:45:20 GMT
                                    [content-type] => application/json; charset=utf-8
                                    [vary] => Accept-Encoding
                                    [content-encoding] => gzip
                                    [cf-cache-status] => DYNAMIC
                                    [server] => cloudflare
                                    [cf-ray] => 9a20f862eda9c1f7-BLR
                                )

                        )

                    [Body] => Webhook body is not logged unless WP_DEBUG mode is turned on. This is to avoid the storing of personal data in the logs.
                )

        )

)
2025-11-21T14:45:20+00:00 INFO Array
(
    [Webhook Delivery] => Array
        (
            [Delivery ID] => 4020c205b869bf05a7db038111cca101
            [Date] => Nov 21, 2025 @ 14:45
            [URL] => https://live-mt-server.wati.io/395525/api/v1/woocommerce/webhookOrders/order_updated
            [Duration] => 0.16071
            [Request] => Array
                (
                    [Method] => POST
                    [Headers] => Array
                        (
                            [User-Agent] => WooCommerce/8.7.0 Hookshot (WordPress/6.8.3)
                            [Content-Type] => application/json
                            [X-WC-Webhook-Source] => https://portl.co/
                            [X-WC-Webhook-Topic] => order.updated
                            [X-WC-Webhook-Resource] => order
                            [X-WC-Webhook-Event] => updated
                            [X-WC-Webhook-Signature] => voeSHoZjx5KgptnPnFovpkZDVcaBacN045HCCtEIfEM=
                            [X-WC-Webhook-ID] => 2
                            [X-WC-Webhook-Delivery-ID] => 4020c205b869bf05a7db038111cca101
                        )

                )

            [Body] => Webhook body is not logged unless WP_DEBUG mode is turned on. This is to avoid the storing of personal data in the logs.
            [Response] => Array
                (
                    [Code] => 200
                    [Message] => OK
                    [Headers] => WpOrg\Requests\Utility\CaseInsensitiveDictionary Object
                        (
                            [data:protected] => Array
                                (
                                    [date] => Fri, 21 Nov 2025 14:45:20 GMT
                                    [content-type] => application/json; charset=utf-8
                                    [vary] => Accept-Encoding
                                    [content-encoding] => gzip
                                    [cf-cache-status] => DYNAMIC
                                    [server] => cloudflare
                                    [cf-ray] => 9a20f8640a3d5ace-BLR
                                )

                        )

                    [Body] => Webhook body is not logged unless WP_DEBUG mode is turned on. This is to avoid the storing of personal data in the logs.
                )

        )

)
